<?xml version="1.0" encoding="UTF-8"?>
<testng-results ignored="0" total="1" passed="1" failed="0" skipped="0">
  <reporter-output>
  </reporter-output>
  <suite started-at="2022-05-23T14:56:29 IST" name="Suite" finished-at="2022-05-23T14:56:49 IST" duration-ms="20092">
    <groups>
    </groups>
    <test started-at="2022-05-23T14:56:29 IST" name="Test" finished-at="2022-05-23T14:56:49 IST" duration-ms="20092">
      <class name="com.rameshsoft.automation.application.businessscripts.OpenCartTest">
        <test-method is-config="true" signature="OpenBrowser(java.lang.String)[pri:0, instance:com.rameshsoft.automation.application.businessscripts.OpenCartTest@792b749c]" started-at="2022-05-23T14:56:25 IST" name="OpenBrowser" finished-at="2022-05-23T14:56:29 IST" duration-ms="4296" status="PASS">
          <params>
            <param index="0">
              <value>
                <![CDATA[chrome]]>
              </value>
            </param>
          </params>
          <reporter-output>
          </reporter-output>
        </test-method> <!-- OpenBrowser -->
        <test-method is-config="true" signature="initreports()[pri:0, instance:com.rameshsoft.automation.application.businessscripts.OpenCartTest@792b749c]" started-at="2022-05-23T14:56:29 IST" name="initreports" finished-at="2022-05-23T14:56:29 IST" duration-ms="183" status="PASS">
          <reporter-output>
          </reporter-output>
        </test-method> <!-- initreports -->
        <test-method is-config="true" signature="beforetcexecution(java.lang.reflect.Method)[pri:0, instance:com.rameshsoft.automation.application.businessscripts.OpenCartTest@792b749c]" started-at="2022-05-23T14:56:29 IST" name="beforetcexecution" finished-at="2022-05-23T14:56:29 IST" duration-ms="3" status="PASS">
          <params>
            <param index="0">
              <value>
                <![CDATA[public void com.rameshsoft.automation.application.businessscripts.OpenCartTest.verifymyaccount() throws java.io.IOException]]>
              </value>
            </param>
          </params>
          <reporter-output>
          </reporter-output>
        </test-method> <!-- beforetcexecution -->
        <test-method signature="verifymyaccount()[pri:0, instance:com.rameshsoft.automation.application.businessscripts.OpenCartTest@792b749c]" started-at="2022-05-23T14:56:29 IST" name="verifymyaccount" finished-at="2022-05-23T14:56:49 IST" duration-ms="19618" status="PASS">
          <reporter-output>
          </reporter-output>
        </test-method> <!-- verifymyaccount -->
        <test-method is-config="true" signature="aftertcexecution(org.testng.ITestResult)[pri:0, instance:com.rameshsoft.automation.application.businessscripts.OpenCartTest@792b749c]" started-at="2022-05-23T14:56:49 IST" name="aftertcexecution" finished-at="2022-05-23T14:56:49 IST" duration-ms="261" status="PASS">
          <params>
            <param index="0">
              <value>
                <![CDATA[[TestResult name=verifymyaccount status=SUCCESS method=OpenCartTest.verifymyaccount()[pri:0, instance:com.rameshsoft.automation.application.businessscripts.OpenCartTest@792b749c] output={null}]]]>
              </value>
            </param>
          </params>
          <reporter-output>
          </reporter-output>
        </test-method> <!-- aftertcexecution -->
        <test-method is-config="true" signature="close()[pri:0, instance:com.rameshsoft.automation.application.businessscripts.OpenCartTest@792b749c]" started-at="2022-05-23T14:56:49 IST" name="close" finished-at="2022-05-23T14:56:50 IST" duration-ms="163" status="PASS">
          <reporter-output>
          </reporter-output>
        </test-method> <!-- close -->
      </class> <!-- com.rameshsoft.automation.application.businessscripts.OpenCartTest -->
    </test> <!-- Test -->
  </suite> <!-- Suite -->
</testng-results>
